<?xml version="1.0" encoding="UTF-8"?>
<testsuites name="AdminLoginTestSuite" time="35" tests="0" failures="1" errors="0">
   <testsuite name="AdminLoginTestSuite" tests="0" failures="1" errors="0" time="35" timestamp="2018-05-10 17:27:53" hostname="Sunjido - 10.80.155.47" id="Test Suites/AdminLoginTestSuite">
      <properties>
         <property name="deviceName" value=""/>
         <property name="devicePlatform" value=""/>
         <property name="logFolder" value="C:\\Users\\Sun na Hee\\git\\234project_test\\Reports\\AdminLoginTestSuite\\20180510_172751"/>
         <property name="logFiles" value="C:\\Users\\Sun na Hee\\git\\234project_test\\Reports\\AdminLoginTestSuite\\20180510_172751\\execution0.log"/>
         <property name="attachments" value="C:\\Users\\Sun na Hee\\git\\234project_test\\Reports\\AdminLoginTestSuite\\20180510_172751\\1525948108449.png"/>
         <property name="hostName" value="Sunjido - 10.80.155.47"/>
         <property name="os" value="Windows 10 64bit"/>
         <property name="katalonVersion" value="5.4.1.1"/>
         <property name="browser" value="Firefox 60.0"/>
         <property name="hostAddress" value="10.80.155.47"/>
         <property name="sessionId" value="f62e8b8e-9a9e-4b2e-9823-344b6da39f9f"/>
         <property name="seleniumVersion" value="3.7.1"/>
         <property name="proxyInformation" value="ProxyInformation{proxyOption=NO_PROXY, proxyServerType=HTTP, password=, proxyServerAddress=, proxyServerPort=0}"/>
         <property name="platform" value="Windows 10"/>
      </properties>
      <testcase name="Test Cases/AdminLoginTest" classname="Test Cases/AdminLoginTest" status="FAILED">
         <failure type="FAILED" message="Unable to set text 'admin' of object 'Object Repository/AdminLoginTest/Page_ProjectBackend/input_username' (Root cause: com.kms.katalon.core.webui.exception.WebElementNotFoundException: Web element with id: 'Object Repository/AdminLoginTest/Page_ProjectBackend/input_username' located by 'By.xpath: //input[@name = 'username' and @type = 'text']' not found)"/>
         <system-out><![CDATA[2018-05-10 17:27:53 - [TEST_CASE][FAILED] - Test Cases/AdminLoginTest: Test Cases/AdminLoginTest FAILED because (of) Unable to set text 'admin' of object 'Object Repository/AdminLoginTest/Page_ProjectBackend/input_username' (Root cause: com.kms.katalon.core.webui.exception.WebElementNotFoundException: Web element with id: 'Object Repository/AdminLoginTest/Page_ProjectBackend/input_username' located by 'By.xpath: //input[@name = 'username' and @type = 'text']' not found)

2018-05-10 17:27:54 - [TEST_STEP][PASSED] - openBrowser: Browser is opened with url: ''

2018-05-10 17:27:57 - [MESSAGE][PASSED] - Browser is opened with url: ''

2018-05-10 17:27:57 - [TEST_STEP][FAILED] - setText: Unable to set text 'admin' of object 'Object Repository/AdminLoginTest/Page_ProjectBackend/input_username' (Root cause: com.kms.katalon.core.webui.exception.WebElementNotFoundException: Web element with id: 'Object Repository/AdminLoginTest/Page_ProjectBackend/input_username' located by 'By.xpath: //input[@name = 'username' and @type = 'text']' not found)

2018-05-10 17:28:28 - [MESSAGE][FAILED] - Unable to set text 'admin' of object 'Object Repository/AdminLoginTest/Page_ProjectBackend/input_username' (Root cause: com.kms.katalon.core.webui.exception.WebElementNotFoundException: Web element with id: 'Object Repository/AdminLoginTest/Page_ProjectBackend/input_username' located by 'By.xpath: //input[@name = 'username' and @type = 'text']' not found)
[[ATTACHMENT|C:\\Users\\Sun na Hee\\git\\234project_test\\Reports\\AdminLoginTestSuite\\20180510_172751\\1525948108449.png]]]]></system-out>
         <system-err><![CDATA[2018-05-10 17:27:53 - [TEST_CASE][FAILED] - Test Cases/AdminLoginTest: Test Cases/AdminLoginTest FAILED because (of) Unable to set text 'admin' of object 'Object Repository/AdminLoginTest/Page_ProjectBackend/input_username' (Root cause: com.kms.katalon.core.webui.exception.WebElementNotFoundException: Web element with id: 'Object Repository/AdminLoginTest/Page_ProjectBackend/input_username' located by 'By.xpath: //input[@name = 'username' and @type = 'text']' not found)]]></system-err>
      </testcase>
      <system-out><![CDATA[2018-05-10 17:27:53 - [TEST_SUITE][FAILED] - AdminLoginTestSuite: Test Cases/AdminLoginTest FAILED because (of) Unable to set text 'admin' of object 'Object Repository/AdminLoginTest/Page_ProjectBackend/input_username' (Root cause: com.kms.katalon.core.webui.exception.WebElementNotFoundException: Web element with id: 'Object Repository/AdminLoginTest/Page_ProjectBackend/input_username' located by 'By.xpath: //input[@name = 'username' and @type = 'text']' not found)]]></system-out>
      <system-err><![CDATA[2018-05-10 17:27:53 - [TEST_SUITE][FAILED] - AdminLoginTestSuite: Test Cases/AdminLoginTest FAILED because (of) Unable to set text 'admin' of object 'Object Repository/AdminLoginTest/Page_ProjectBackend/input_username' (Root cause: com.kms.katalon.core.webui.exception.WebElementNotFoundException: Web element with id: 'Object Repository/AdminLoginTest/Page_ProjectBackend/input_username' located by 'By.xpath: //input[@name = 'username' and @type = 'text']' not found)]]></system-err>
   </testsuite>
</testsuites>
